# JRE version: OpenJDK Runtime Environment Temurin-17.0.4.1+1 (17.0.4.1+1) (build 17.0.4.1+1)
# Java VM: OpenJDK 64-Bit Server VM Temurin-17.0.4.1+1 (17.0.4.1+1, mixed mode, emulated-client, sharing, tiered, compressed oops, compressed class ptrs, g1 gc, bsd-amd64)
GC Precious Log:
 CPUs: 8 total, 8 available
 Memory: 16384M
 Large Page Support: Disabled
 NUMA Support: Disabled
 Compressed Oops: Enabled (Zero based)
 Heap Region Size: 2M
 Heap Min Capacity: 8M
 Heap Initial Capacity: 256M
 Heap Max Capacity: 4G
 Pre-touch: Disabled
 Parallel Workers: 8
 Concurrent Workers: 2
 Concurrent Refinement Workers: 8
 Periodic GC: Disabled
Heap:
 garbage-first heap   total 159744K, used 32393K [0x0000000700000000, 0x0000000800000000)
  region size 2048K, 5 young (10240K), 2 survivors (4096K)
 Metaspace       used 32852K, committed 33344K, reserved 1081344K
  class space    used 4430K, committed 4672K, reserved 1048576K
GC Heap History (18 events):
Event: 0.745 GC heap before
{Heap before GC invocations=0 (full 0):
 garbage-first heap   total 266240K, used 24532K [0x0000000700000000, 0x0000000800000000)
  region size 2048K, 11 young (22528K), 0 survivors (0K)
 Metaspace       used 7194K, committed 7360K, reserved 1056768K
  class space    used 836K, committed 896K, reserved 1048576K
}
Event: 0.749 GC heap after
{Heap after GC invocations=1 (full 0):
 garbage-first heap   total 266240K, used 5919K [0x0000000700000000, 0x0000000800000000)
  region size 2048K, 2 young (4096K), 2 survivors (4096K)
 Metaspace       used 7194K, committed 7360K, reserved 1056768K
  class space    used 836K, committed 896K, reserved 1048576K
}
Event: 1.161 GC heap before
{Heap before GC invocations=1 (full 0):
 garbage-first heap   total 266240K, used 46879K [0x0000000700000000, 0x0000000800000000)
  region size 2048K, 22 young (45056K), 2 survivors (4096K)
 Metaspace       used 11363K, committed 11648K, reserved 1064960K
  class space    used 1475K, committed 1600K, reserved 1048576K
}
Event: 1.167 GC heap after
{Heap after GC invocations=2 (full 0):
 garbage-first heap   total 266240K, used 7697K [0x0000000700000000, 0x0000000800000000)
  region size 2048K, 1 young (2048K), 1 survivors (2048K)
 Metaspace       used 11363K, committed 11648K, reserved 1064960K
  class space    used 1475K, committed 1600K, reserved 1048576K
}
Event: 1.934 GC heap before
{Heap before GC invocations=2 (full 0):
 garbage-first heap   total 266240K, used 89617K [0x0000000700000000, 0x0000000800000000)
  region size 2048K, 41 young (83968K), 1 survivors (2048K)
 Metaspace       used 17995K, committed 18368K, reserved 1064960K
  class space    used 2473K, committed 2688K, reserved 1048576K
}
Event: 1.938 GC heap after
{Heap after GC invocations=3 (full 0):
 garbage-first heap   total 266240K, used 10128K [0x0000000700000000, 0x0000000800000000)
  region size 2048K, 3 young (6144K), 3 survivors (6144K)
 Metaspace       used 17995K, committed 18368K, reserved 1064960K
  class space    used 2473K, committed 2688K, reserved 1048576K
}
Event: 2.169 GC heap before
{Heap before GC invocations=3 (full 0):
 garbage-first heap   total 266240K, used 46992K [0x0000000700000000, 0x0000000800000000)
  region size 2048K, 22 young (45056K), 3 survivors (6144K)
 Metaspace       used 21150K, committed 21504K, reserved 1073152K
  class space    used 2833K, committed 3008K, reserved 1048576K
}
Event: 2.173 GC heap after
{Heap after GC invocations=4 (full 0):
 garbage-first heap   total 266240K, used 11435K [0x0000000700000000, 0x0000000800000000)
  region size 2048K, 3 young (6144K), 3 survivors (6144K)
 Metaspace       used 21150K, committed 21504K, reserved 1073152K
  class space    used 2833K, committed 3008K, reserved 1048576K
}
Event: 2.368 GC heap before
{Heap before GC invocations=5 (full 0):
 garbage-first heap   total 55296K, used 40107K [0x0000000700000000, 0x0000000800000000)
  region size 2048K, 18 young (36864K), 3 survivors (6144K)
 Metaspace       used 23785K, committed 24192K, reserved 1073152K
  class space    used 3195K, committed 3392K, reserved 1048576K
}
Event: 2.374 GC heap after
{Heap after GC invocations=6 (full 0):
 garbage-first heap   total 55296K, used 13603K [0x0000000700000000, 0x0000000800000000)
  region size 2048K, 4 young (8192K), 4 survivors (8192K)
 Metaspace       used 23785K, committed 24192K, reserved 1073152K
  class space    used 3195K, committed 3392K, reserved 1048576K
}
Event: 2.394 GC heap before
{Heap before GC invocations=6 (full 0):
 garbage-first heap   total 55296K, used 15651K [0x0000000700000000, 0x0000000800000000)
  region size 2048K, 5 young (10240K), 4 survivors (8192K)
 Metaspace       used 24677K, committed 25024K, reserved 1073152K
  class space    used 3303K, committed 3456K, reserved 1048576K
}
Event: 2.401 GC heap after
{Heap after GC invocations=7 (full 0):
 garbage-first heap   total 55296K, used 14218K [0x0000000700000000, 0x0000000800000000)
  region size 2048K, 1 young (2048K), 1 survivors (2048K)
 Metaspace       used 24677K, committed 25024K, reserved 1073152K
  class space    used 3303K, committed 3456K, reserved 1048576K
}
Event: 2.547 GC heap before
{Heap before GC invocations=7 (full 0):
 garbage-first heap   total 55296K, used 36746K [0x0000000700000000, 0x0000000800000000)
  region size 2048K, 12 young (24576K), 1 survivors (2048K)
 Metaspace       used 26845K, committed 27264K, reserved 1073152K
  class space    used 3619K, committed 3840K, reserved 1048576K
}
Event: 2.550 GC heap after
{Heap after GC invocations=8 (full 0):
 garbage-first heap   total 159744K, used 14532K [0x0000000700000000, 0x0000000800000000)
  region size 2048K, 1 young (2048K), 1 survivors (2048K)
 Metaspace       used 26845K, committed 27264K, reserved 1073152K
  class space    used 3619K, committed 3840K, reserved 1048576K
}
Event: 123.103 GC heap before
{Heap before GC invocations=8 (full 0):
 garbage-first heap   total 159744K, used 147652K [0x0000000700000000, 0x0000000800000000)
  region size 2048K, 42 young (86016K), 1 survivors (2048K)
 Metaspace       used 32851K, committed 33344K, reserved 1081344K
  class space    used 4430K, committed 4672K, reserved 1048576K
}
Event: 123.112 GC heap after
{Heap after GC invocations=9 (full 0):
 garbage-first heap   total 159744K, used 67039K [0x0000000700000000, 0x0000000800000000)
  region size 2048K, 2 young (4096K), 2 survivors (4096K)
 Metaspace       used 32851K, committed 33344K, reserved 1081344K
  class space    used 4430K, committed 4672K, reserved 1048576K
}
Event: 123.117 GC heap before
{Heap before GC invocations=9 (full 0):
 garbage-first heap   total 159744K, used 71135K [0x0000000700000000, 0x0000000800000000)
  region size 2048K, 3 young (6144K), 2 survivors (4096K)
 Metaspace       used 32851K, committed 33344K, reserved 1081344K
  class space    used 4430K, committed 4672K, reserved 1048576K
}
Event: 123.120 GC heap after
{Heap after GC invocations=10 (full 0):
 garbage-first heap   total 159744K, used 26249K [0x0000000700000000, 0x0000000800000000)
  region size 2048K, 2 young (4096K), 2 survivors (4096K)
 Metaspace       used 32851K, committed 33344K, reserved 1081344K
  class space    used 4430K, committed 4672K, reserved 1048576K
}

